<?xml version="1.0" encoding="UTF-8"?>
<!-- Generated by org.testng.reporters.JUnitReportReporter -->
<testsuite hostname="BSBLRL-16366" failures="0" tests="1" name="Automation.loginAuthenticationPopup" time="17.527" errors="0" timestamp="2024-03-22T17:27:45 IST" skipped="0">
  <testcase classname="Automation.loginAuthenticationPopup" name="login" time="17.527"/>
  <system-out/>
</testsuite> <!-- Automation.loginAuthenticationPopup -->
