<?xml version="1.0" encoding="UTF-8"?>
<!-- Generated by org.testng.reporters.JUnitReportReporter -->
<testsuite hostname="BSBLRL-16366" failures="0" tests="1" name="Java.BasicJavaPrograms" time="0.059" errors="0" timestamp="2024-12-06T10:51:47 IST" skipped="0">
  <testcase classname="Java.BasicJavaPrograms" name="PrimeNumber" time="0.059"/>
  <system-out/>
</testsuite> <!-- Java.BasicJavaPrograms -->
