<?xml version="1.0" encoding="UTF-8"?>
<!-- Generated by org.testng.reporters.JUnitReportReporter -->
<testsuite hostname="BSBLRL-16366" failures="0" tests="1" name="LaunchBrowser" time="60.078" errors="0" timestamp="2024-03-13T15:00:48 IST" skipped="0">
  <testcase classname="LaunchBrowser" name="launchbrowser" time="60.078"/>
  <system-out/>
</testsuite> <!-- LaunchBrowser -->
