<?xml version="1.0" encoding="UTF-8"?>
<!-- Generated by org.testng.reporters.JUnitReportReporter -->
<testsuite hostname="BSBLRL-16366" failures="0" tests="1" name="LaunchBrowser" time="179.263" errors="0" timestamp="2024-04-01T23:39:37 IST" skipped="0">
  <testcase classname="LaunchBrowser" name="launchbrowser" time="179.263"/>
  <system-out/>
</testsuite> <!-- LaunchBrowser -->
