<?xml version="1.0" encoding="UTF-8"?>
<!-- Generated by org.testng.reporters.JUnitReportReporter -->
<testsuite hostname="BSBLRL-16366" failures="0" tests="1" name="Automation.loginAuthenticationPopup" time="21.813" errors="0" timestamp="2024-12-02T16:29:26 IST" skipped="0">
  <testcase classname="Automation.loginAuthenticationPopup" name="login" time="21.813"/>
  <system-out/>
</testsuite> <!-- Automation.loginAuthenticationPopup -->
