<?xml version="1.0" encoding="UTF-8"?>
<!-- Generated by org.testng.reporters.JUnitReportReporter -->
<testsuite hostname="BSBLRL-16366" failures="0" tests="1" name="Java.BasicJavaPrograms" time="0.013" errors="0" timestamp="2024-04-12T17:16:25 IST" skipped="0">
  <testcase classname="Java.BasicJavaPrograms" name="Test" time="0.013"/>
  <system-out/>
</testsuite> <!-- Java.BasicJavaPrograms -->
