<?xml version="1.0" encoding="UTF-8"?>
<!-- Generated by org.testng.reporters.JUnitReportReporter -->
<testsuite hostname="BSBLRL-16366" failures="0" tests="1" name="Java.BasicJavaPrograms" time="0.012" errors="0" timestamp="2024-03-25T18:15:55 IST" skipped="0">
  <testcase classname="Java.BasicJavaPrograms" name="HalfPyramid" time="0.012"/>
  <system-out/>
</testsuite> <!-- Java.BasicJavaPrograms -->
